<?xml version='1.0' encoding='UTF-8'?>
<testsuite hostname="yoshidaryounoMacBook-Pro-5.local" name="TokenizerTest" tests="11" errors="0" failures="0" skipped="0" time="0.031" timestamp="2020-03-22T15:30:12">
                     <properties>
[...]
</properties>
                     <testcase classname="TokenizerTest" name="getAtom" time="0.026">
                                                 
                                               </testcase><testcase classname="TokenizerTest" name="removeComments" time="0.0">
                                                 
                                               </testcase><testcase classname="TokenizerTest" name="tokenizeLetter" time="0.001">
                                                 
                                               </testcase><testcase classname="TokenizerTest" name="tokenizeLetter 予約語" time="0.001">
                                                 
                                               </testcase><testcase classname="TokenizerTest" name="tokenizeDigit" time="0.0">
                                                 
                                               </testcase><testcase classname="TokenizerTest" name="tokenizeFloat" time="0.001">
                                                 
                                               </testcase><testcase classname="TokenizerTest" name="tokenizeString" time="0.001">
                                                 
                                               </testcase><testcase classname="TokenizerTest" name="tokenizeQuote" time="0.001">
                                                 
                                               </testcase><testcase classname="TokenizerTest" name="tokenize" time="0.0">
                                                 
                                               </testcase><testcase classname="TokenizerTest" name="tokenize2" time="0.0">
                                                 
                                               </testcase><testcase classname="TokenizerTest" name="tokenize quote" time="0.0">
                                                 
                                               </testcase>
                     <system-out><![CDATA[]]></system-out>
                     <system-err><![CDATA[]]></system-err>
                   </testsuite>